<?xml version="1.0" encoding="UTF-8"?>
<!-- Generated by org.testng.reporters.JUnitReportReporter -->
<testsuite hostname="DESKTOP-GGO5QL1" failures="0" tests="1" name="Testcasespackages.CreateExcelTest" time="1.651" errors="0" timestamp="2025-03-11T19:05:47 IST" skipped="0">
  <testcase classname="Testcasespackages.CreateExcelTest" name="testCreateMultipleExcelFiles" time="1.651"/>
  <system-out/>
</testsuite> <!-- Testcasespackages.CreateExcelTest -->
