<?xml version="1.0" encoding="UTF-8"?>
<!-- Generated by org.testng.reporters.JUnitReportReporter -->
<testsuite hostname="DESKTOP-GGO5QL1" failures="0" tests="1" name="qa.Sampletest" time="0.025" errors="0" timestamp="2025-02-25T15:00:18 IST" skipped="0">
  <testcase classname="qa.Sampletest" name="testmethod" time="0.025"/>
</testsuite> <!-- qa.Sampletest -->
