<?xml version="1.0" encoding="UTF-8"?>
<!-- Generated by org.testng.reporters.JUnitReportReporter -->
<testsuite hostname="DESKTOP-GGO5QL1" failures="0" tests="9" name="Testcasespackages.Logintest" time="174.737" errors="0" timestamp="2025-03-11T19:09:51 IST" skipped="0">
  <testcase classname="Testcasespackages.Logintest" name="testLogin" time="7.899"/>
  <system-out/>
  <testcase classname="Testcasespackages.Logintest" name="testLogin" time="16.884"/>
  <system-out/>
  <testcase classname="Testcasespackages.Logintest" name="testLogin" time="40.602"/>
  <system-out/>
  <testcase classname="Testcasespackages.Logintest" name="testLogin" time="11.823"/>
  <system-out/>
  <testcase classname="Testcasespackages.Logintest" name="testLogin" time="16.862"/>
  <system-out/>
  <testcase classname="Testcasespackages.Logintest" name="testLogin" time="18.642"/>
  <system-out/>
  <testcase classname="Testcasespackages.Logintest" name="testLogin" time="12.442"/>
  <system-out/>
  <testcase classname="Testcasespackages.Logintest" name="testLogin" time="21.594"/>
  <system-out/>
  <testcase classname="Testcasespackages.Logintest" name="testLogin" time="27.989"/>
  <system-out/>
</testsuite> <!-- Testcasespackages.Logintest -->
