<?xml version="1.0" encoding="UTF-8"?>
<!-- Generated by org.testng.reporters.JUnitReportReporter -->
<testsuite hostname="DESKTOP-GGO5QL1" failures="0" tests="9" name="Testcasespackages.Logintest" time="195.442" errors="0" timestamp="2025-03-09T13:02:43 IST" skipped="0">
  <testcase classname="Testcasespackages.Logintest" name="testLogin" time="13.330"/>
  <system-out/>
  <testcase classname="Testcasespackages.Logintest" name="testLogin" time="19.553"/>
  <system-out/>
  <testcase classname="Testcasespackages.Logintest" name="testLogin" time="38.374"/>
  <system-out/>
  <testcase classname="Testcasespackages.Logintest" name="testLogin" time="13.422"/>
  <system-out/>
  <testcase classname="Testcasespackages.Logintest" name="testLogin" time="48.017"/>
  <system-out/>
  <testcase classname="Testcasespackages.Logintest" name="testLogin" time="15.548"/>
  <system-out/>
  <testcase classname="Testcasespackages.Logintest" name="testLogin" time="12.774"/>
  <system-out/>
  <testcase classname="Testcasespackages.Logintest" name="testLogin" time="17.843"/>
  <system-out/>
  <testcase classname="Testcasespackages.Logintest" name="testLogin" time="16.581"/>
  <system-out/>
</testsuite> <!-- Testcasespackages.Logintest -->
