<?xml version="1.0" encoding="UTF-8"?>
<!-- Generated by org.testng.reporters.JUnitReportReporter -->
<testsuite hostname="DESKTOP-GGO5QL1" failures="0" tests="9" name="Testcasespackages.Logintest" time="142.233" errors="0" timestamp="2025-03-07T12:32:10 IST" skipped="0">
  <testcase classname="Testcasespackages.Logintest" name="testLogin" time="9.878"/>
  <system-out/>
  <testcase classname="Testcasespackages.Logintest" name="testLogin" time="8.640"/>
  <system-out/>
  <testcase classname="Testcasespackages.Logintest" name="testLogin" time="22.876"/>
  <system-out/>
  <testcase classname="Testcasespackages.Logintest" name="testLogin" time="13.308"/>
  <system-out/>
  <testcase classname="Testcasespackages.Logintest" name="testLogin" time="17.398"/>
  <system-out/>
  <testcase classname="Testcasespackages.Logintest" name="testLogin" time="19.903"/>
  <system-out/>
  <testcase classname="Testcasespackages.Logintest" name="testLogin" time="18.184"/>
  <system-out/>
  <testcase classname="Testcasespackages.Logintest" name="testLogin" time="15.678"/>
  <system-out/>
  <testcase classname="Testcasespackages.Logintest" name="testLogin" time="16.368"/>
  <system-out/>
</testsuite> <!-- Testcasespackages.Logintest -->
