<?xml version="1.0" encoding="UTF-8"?>
<!-- Generated by org.testng.reporters.JUnitReportReporter -->
<testsuite hostname="DESKTOP-GGO5QL1" failures="0" tests="1" name="Testcasespackages.CreateExcelTest" time="2.680" errors="0" timestamp="2025-03-06T18:15:36 IST" skipped="0">
  <testcase classname="Testcasespackages.CreateExcelTest" name="testCreateMultipleExcelFiles" time="2.680"/>
  <system-out/>
</testsuite> <!-- Testcasespackages.CreateExcelTest -->
