<?xml version="1.0" encoding="UTF-8"?>
<!-- Generated by org.testng.reporters.JUnitReportReporter -->
<testsuite hostname="DESKTOP-GGO5QL1" failures="0" tests="3" name="Testcasespackages.Logintest" time="53.172" errors="0" timestamp="2025-02-26T18:38:57 IST" skipped="0">
  <testcase classname="Testcasespackages.Logintest" name="testLogin" time="10.323"/>
  <system-out/>
  <testcase classname="Testcasespackages.Logintest" name="testLogin" time="23.126"/>
  <system-out/>
  <testcase classname="Testcasespackages.Logintest" name="testLogin" time="19.723"/>
  <system-out/>
</testsuite> <!-- Testcasespackages.Logintest -->
