<?xml version="1.0" encoding="UTF-8"?>
<!-- Generated by org.testng.reporters.JUnitReportReporter -->
<testsuite hostname="DESKTOP-GGO5QL1" failures="0" tests="3" name="Testcasespackages.Logintest" time="50.312" errors="0" timestamp="2025-02-27T09:52:44 IST" skipped="0">
  <testcase classname="Testcasespackages.Logintest" name="testLogin" time="12.559"/>
  <system-out/>
  <testcase classname="Testcasespackages.Logintest" name="testLogin" time="18.567"/>
  <system-out/>
  <testcase classname="Testcasespackages.Logintest" name="testLogin" time="19.186"/>
  <system-out/>
</testsuite> <!-- Testcasespackages.Logintest -->
